Using pre-set license
Built from '2020.2/staging' branch; Version is '2020.2.3f1 (8ff31bc5bf5b) revision 9433883'; Using compiler version '192528614'; Build Type 'Release'
OS: 'Windows 10 Home; OS build 19043.1288; Version 2009; 64bit' Language: 'en' Physical Memory: 16334 MB
BatchMode: 1, IsHumanControllingUs: 0, StartBugReporterOnCrash: 0, Is64bit: 1, IsPro: 0

 COMMAND LINE ARGUMENTS:
C:\Program Files\Unity\Hub\Editor\2020.2.3f1\Editor\Unity.exe
-adb2
-batchMode
-noUpm
-name
AssetImportWorker0
-projectPath
C:/Aaallmine/School/CPSC581_HCI2/phone_unlockers/cocktail_phoneUnlocker_git/Cocktail_unlocker
-logFile
Logs/AssetImportWorker0.log
-srvPort
57094
Successfully changed project path to: C:/Aaallmine/School/CPSC581_HCI2/phone_unlockers/cocktail_phoneUnlocker_git/Cocktail_unlocker
C:/Aaallmine/School/CPSC581_HCI2/phone_unlockers/cocktail_phoneUnlocker_git/Cocktail_unlocker
Using Asset Import Pipeline V2.
Refreshing native plugins compatible for Editor in 38.06 ms, found 1 plugins.
Preloading 0 native plugins for Editor in 0.00 ms.
Initialize engine version: 2020.2.3f1 (8ff31bc5bf5b)
[Subsystems] Discovering subsystems at path C:/Program Files/Unity/Hub/Editor/2020.2.3f1/Editor/Data/Resources/UnitySubsystems
[Subsystems] Discovering subsystems at path C:/Aaallmine/School/CPSC581_HCI2/phone_unlockers/cocktail_phoneUnlocker_git/Cocktail_unlocker/Assets
GfxDevice: creating device client; threaded=0
Direct3D:
    Version:  Direct3D 11.0 [level 11.1]
    Renderer: NVIDIA GeForce GTX 1650 (ID=0x1f82)
    Vendor:   
    VRAM:     3962 MB
    Driver:   30.0.14.9613
Initialize mono
Mono path[0] = 'C:/Program Files/Unity/Hub/Editor/2020.2.3f1/Editor/Data/Managed'
Mono path[1] = 'C:/Program Files/Unity/Hub/Editor/2020.2.3f1/Editor/Data/MonoBleedingEdge/lib/mono/unityjit'
Mono config path = 'C:/Program Files/Unity/Hub/Editor/2020.2.3f1/Editor/Data/MonoBleedingEdge/etc'
Using monoOptions --debugger-agent=transport=dt_socket,embedding=1,server=y,suspend=n,address=127.0.0.1:56252
Begin MonoManager ReloadAssembly
Registering precompiled unity dll's ...
Register platform support module: C:/Program Files/Unity/Hub/Editor/2020.2.3f1/Editor/Data/PlaybackEngines/WindowsStandaloneSupport/UnityEditor.WindowsStandalone.Extensions.dll
Registered in 0.002074 seconds.
Native extension for WindowsStandalone target not found
Refreshing native plugins compatible for Editor in 37.64 ms, found 1 plugins.
Preloading 0 native plugins for Editor in 0.00 ms.
Invoked RoslynAnalysisRunner static constructor.
RoslynAnalysisRunner will not be running.
RoslynAnalysisRunner has terminated.
Mono: successfully reloaded assembly
- Completed reload, in  1.414 seconds
Platform modules already initialized, skipping
Registering precompiled user dll's ...
Registered in 0.000956 seconds.
Begin MonoManager ReloadAssembly
Native extension for WindowsStandalone target not found
Refreshing native plugins compatible for Editor in 34.09 ms, found 1 plugins.
Preloading 0 native plugins for Editor in 0.00 ms.
Invoked RoslynAnalysisRunner static constructor.
RoslynAnalysisRunner will not be running.
RoslynAnalysisRunner has terminated.
Mono: successfully reloaded assembly
- Completed reload, in  0.740 seconds
Platform modules already initialized, skipping
========================================================================
Worker process is ready to serve import requests
Launched and connected shader compiler UnityShaderCompiler.exe after 0.03 seconds
Refreshing native plugins compatible for Editor in 0.48 ms, found 1 plugins.
Preloading 0 native plugins for Editor in 0.00 ms.
Unloading 1910 Unused Serialized files (Serialized files now loaded: 0)
System memory in use before: 88.0 MB.
System memory in use after: 88.1 MB.

Unloading 32 unused Assets to reduce memory usage. Loaded Objects now: 2342.
Total: 1.960600 ms (FindLiveObjects: 0.233700 ms CreateObjectMapping: 0.052800 ms MarkObjects: 1.613000 ms  DeleteObjects: 0.060200 ms)

========================================================================
Received Import Request.
  path: Assets/FluidSim/Circle_4.png
  artifactKey: Guid(b53c224115e48e74b8f694e66f361749) Importer(815301076,1909f56bfc062723c751e8b465ee728b)
Start importing Assets/FluidSim/Circle_4.png using Guid(b53c224115e48e74b8f694e66f361749) Importer(815301076,1909f56bfc062723c751e8b465ee728b)  -> (artifact id: 'df539ba73ad4bc3f666a723179ca3dc4') in 0.098929 seconds
  Import took 0.101612 seconds .

========================================================================
Received Import Request.
  Time since last request: 16.334038 seconds.
  path: Assets/FluidSim/CodeMonkey
  artifactKey: Guid(93b091bab89baae4aa57ca09f8ea18e6) Importer(815301076,1909f56bfc062723c751e8b465ee728b)
Start importing Assets/FluidSim/CodeMonkey using Guid(93b091bab89baae4aa57ca09f8ea18e6) Importer(815301076,1909f56bfc062723c751e8b465ee728b)  -> (artifact id: 'db5c208dc28d421407055eacddf43b1a') in 0.007923 seconds
  Import took 0.010920 seconds .

========================================================================
Received Import Request.
  Time since last request: 5.167086 seconds.
  path: Assets/FluidSim/CodeMonkey/README.txt
  artifactKey: Guid(f59bf2b41588bd44780fc5218f7864e1) Importer(815301076,1909f56bfc062723c751e8b465ee728b)
Start importing Assets/FluidSim/CodeMonkey/README.txt using Guid(f59bf2b41588bd44780fc5218f7864e1) Importer(815301076,1909f56bfc062723c751e8b465ee728b)  -> (artifact id: '96c3c6b027dd446288e16754b459c8db') in 0.012125 seconds
  Import took 0.015017 seconds .

========================================================================
Received Import Request.
  Time since last request: 16.577181 seconds.
  path: Assets/FluidSim/CodeMonkey/Utils
  artifactKey: Guid(d900c58c01968cd42bb98e37d8e4d05c) Importer(815301076,1909f56bfc062723c751e8b465ee728b)
Start importing Assets/FluidSim/CodeMonkey/Utils using Guid(d900c58c01968cd42bb98e37d8e4d05c) Importer(815301076,1909f56bfc062723c751e8b465ee728b)  -> (artifact id: '50b8a7b7c49dc5c9edb418a7895decb9') in 0.006132 seconds
  Import took 0.009245 seconds .

========================================================================
Received Import Request.
  Time since last request: 13.080329 seconds.
  path: Assets/FluidSim/CodeMonkey/Resources
  artifactKey: Guid(9c480003fd87d3548ae91e921a89a579) Importer(815301076,1909f56bfc062723c751e8b465ee728b)
Start importing Assets/FluidSim/CodeMonkey/Resources using Guid(9c480003fd87d3548ae91e921a89a579) Importer(815301076,1909f56bfc062723c751e8b465ee728b)  -> (artifact id: '96511320d02167ddc40352814e7b3001') in 0.006189 seconds
  Import took 0.008928 seconds .

========================================================================
Received Import Request.
  Time since last request: 0.088441 seconds.
  path: Assets/FluidSim/CodeMonkey/Resources/CodeMonkeyAssets.prefab
  artifactKey: Guid(6cb9ffb1fe7e89d4a890b91c62fa7e8b) Importer(815301076,1909f56bfc062723c751e8b465ee728b)
Start importing Assets/FluidSim/CodeMonkey/Resources/CodeMonkeyAssets.prefab using Guid(6cb9ffb1fe7e89d4a890b91c62fa7e8b) Importer(815301076,1909f56bfc062723c751e8b465ee728b)  -> (artifact id: '7b659776692c75ecb026551e8e819935') in 0.014970 seconds
  Import took 0.017895 seconds .

========================================================================
Received Import Request.
  Time since last request: 7.691504 seconds.
  path: Assets/FluidSim/CodeMonkey/MonoBehaviours
  artifactKey: Guid(5abf4c77cbf61d94995a40be42eeaee0) Importer(815301076,1909f56bfc062723c751e8b465ee728b)
Start importing Assets/FluidSim/CodeMonkey/MonoBehaviours using Guid(5abf4c77cbf61d94995a40be42eeaee0) Importer(815301076,1909f56bfc062723c751e8b465ee728b)  -> (artifact id: '1d011b75fd4a5209a7edd3d8f469df18') in 0.006132 seconds
  Import took 0.009045 seconds .

========================================================================
Received Import Request.
  Time since last request: 2.943693 seconds.
  path: Assets/FluidSim/CodeMonkey/Assets
  artifactKey: Guid(87d70cfb1e610ac4dadb3551cb1dc28b) Importer(815301076,1909f56bfc062723c751e8b465ee728b)
Start importing Assets/FluidSim/CodeMonkey/Assets using Guid(87d70cfb1e610ac4dadb3551cb1dc28b) Importer(815301076,1909f56bfc062723c751e8b465ee728b)  -> (artifact id: '1d711bc904964087f32dcc83c1b1afce') in 0.006147 seconds
  Import took 0.009100 seconds .

========================================================================
Received Import Request.
  Time since last request: 0.085796 seconds.
  path: Assets/FluidSim/CodeMonkey/Assets/Circle.psd
  artifactKey: Guid(e63e5c0479e18114094563df8d6400f3) Importer(815301076,1909f56bfc062723c751e8b465ee728b)
Start importing Assets/FluidSim/CodeMonkey/Assets/Circle.psd using Guid(e63e5c0479e18114094563df8d6400f3) Importer(815301076,1909f56bfc062723c751e8b465ee728b)  -> (artifact id: '73e2f9c236b717bcde39561da65a4a02') in 0.014400 seconds
  Import took 0.017277 seconds .

========================================================================
Received Import Request.
  Time since last request: 0.000158 seconds.
  path: Assets/FluidSim/CodeMonkey/Assets/White_1x1.psd
  artifactKey: Guid(c33871c8638eb4c41bfb4577f3b58627) Importer(815301076,1909f56bfc062723c751e8b465ee728b)
Start importing Assets/FluidSim/CodeMonkey/Assets/White_1x1.psd using Guid(c33871c8638eb4c41bfb4577f3b58627) Importer(815301076,1909f56bfc062723c751e8b465ee728b)  -> (artifact id: '352f10867131ec5b15b8dc4467fbdfc9') in 0.012733 seconds
  Import took 0.015170 seconds .

========================================================================
Received Import Request.
  Time since last request: 0.000180 seconds.
  path: Assets/FluidSim/CodeMonkey/Assets/White_1x1.mat
  artifactKey: Guid(7d5e8e2c082a4c44a9abd7d650cf0a15) Importer(815301076,1909f56bfc062723c751e8b465ee728b)
Start importing Assets/FluidSim/CodeMonkey/Assets/White_1x1.mat using Guid(7d5e8e2c082a4c44a9abd7d650cf0a15) Importer(815301076,1909f56bfc062723c751e8b465ee728b)  -> (artifact id: 'b7033d1d6ae9e97ed3deddfccda93169') in 0.053989 seconds
  Import took 0.056438 seconds .

========================================================================
Received Prepare
Registering precompiled user dll's ...
Registered in 0.000913 seconds.
Begin MonoManager ReloadAssembly
Native extension for WindowsStandalone target not found
Refreshing native plugins compatible for Editor in 0.48 ms, found 1 plugins.
Preloading 0 native plugins for Editor in 0.00 ms.
Invoked RoslynAnalysisRunner static constructor.
RoslynAnalysisRunner will not be running.
RoslynAnalysisRunner has terminated.
Mono: successfully reloaded assembly
- Completed reload, in  0.674 seconds
Platform modules already initialized, skipping
Switching build target platform(5) subTarget(0) extendedPlatform(0) -> platform(9) subTarget(16777218) extendedPlatform(0)
Refreshing native plugins compatible for Editor in 0.46 ms, found 1 plugins.
Preloading 0 native plugins for Editor in 0.00 ms.
Unloading 1903 Unused Serialized files (Serialized files now loaded: 0)
System memory in use before: 91.2 MB.
System memory in use after: 91.3 MB.

Unloading 20 unused Assets to reduce memory usage. Loaded Objects now: 2392.
Total: 1.823900 ms (FindLiveObjects: 0.213600 ms CreateObjectMapping: 0.050900 ms MarkObjects: 1.538200 ms  DeleteObjects: 0.020200 ms)

AssetImportParameters requested are different than current active one (requested -> active):
  custom:graphics/normal-map-encoding: 01000000000000000000000000000000 -> 02000000000000000000000000000000
========================================================================
Received Prepare
Registering precompiled user dll's ...
Registered in 0.001063 seconds.
Begin MonoManager ReloadAssembly
Native extension for WindowsStandalone target not found
Refreshing native plugins compatible for Editor in 0.49 ms, found 1 plugins.
Preloading 0 native plugins for Editor in 0.00 ms.
Invoked RoslynAnalysisRunner static constructor.
RoslynAnalysisRunner will not be running.
RoslynAnalysisRunner has terminated.
Mono: successfully reloaded assembly
- Completed reload, in  0.720 seconds
Platform modules already initialized, skipping
Switching build target platform(5) subTarget(0) extendedPlatform(0) -> platform(9) subTarget(16777218) extendedPlatform(0)
Refreshing native plugins compatible for Editor in 0.50 ms, found 1 plugins.
Preloading 0 native plugins for Editor in 0.00 ms.
Unloading 1903 Unused Serialized files (Serialized files now loaded: 0)
System memory in use before: 91.2 MB.
System memory in use after: 91.4 MB.

Unloading 20 unused Assets to reduce memory usage. Loaded Objects now: 2395.
Total: 1.698200 ms (FindLiveObjects: 0.193000 ms CreateObjectMapping: 0.044800 ms MarkObjects: 1.442900 ms  DeleteObjects: 0.016300 ms)

AssetImportParameters requested are different than current active one (requested -> active):
  custom:graphics/normal-map-encoding: 01000000000000000000000000000000 -> 02000000000000000000000000000000
========================================================================
Received Prepare
Registering precompiled user dll's ...
Registered in 0.000800 seconds.
Begin MonoManager ReloadAssembly
Native extension for WindowsStandalone target not found
Refreshing native plugins compatible for Editor in 0.48 ms, found 1 plugins.
Preloading 0 native plugins for Editor in 0.00 ms.
Invoked RoslynAnalysisRunner static constructor.
RoslynAnalysisRunner will not be running.
RoslynAnalysisRunner has terminated.
Mono: successfully reloaded assembly
- Completed reload, in  0.672 seconds
Platform modules already initialized, skipping
Switching build target platform(5) subTarget(0) extendedPlatform(0) -> platform(9) subTarget(16777218) extendedPlatform(0)
Refreshing native plugins compatible for Editor in 0.34 ms, found 1 plugins.
Preloading 0 native plugins for Editor in 0.00 ms.
Unloading 1903 Unused Serialized files (Serialized files now loaded: 0)
System memory in use before: 91.3 MB.
System memory in use after: 91.4 MB.

Unloading 20 unused Assets to reduce memory usage. Loaded Objects now: 2398.
Total: 1.824800 ms (FindLiveObjects: 0.192700 ms CreateObjectMapping: 0.047800 ms MarkObjects: 1.564800 ms  DeleteObjects: 0.018700 ms)

AssetImportParameters requested are different than current active one (requested -> active):
  custom:graphics/normal-map-encoding: 01000000000000000000000000000000 -> 02000000000000000000000000000000
========================================================================
Received Import Request.
  Time since last request: 615.746649 seconds.
  path: Assets/FluidSim/_Done/Fluid_Simple.shadergraph
  artifactKey: Guid(2ea7dc497615585439e2395e40028f5f) Importer(815301076,1909f56bfc062723c751e8b465ee728b)
Start importing Assets/FluidSim/_Done/Fluid_Simple.shadergraph using Guid(2ea7dc497615585439e2395e40028f5f) Importer(815301076,1909f56bfc062723c751e8b465ee728b)  -> (artifact id: '7f36b5fef327a766275e9050bdd7d0f2') in 0.016755 seconds
  Import took 0.019788 seconds .

========================================================================
Received Import Request.
  Time since last request: 1.235553 seconds.
  path: Assets/FluidSim/_Done/Fluid_Complex.shadergraph
  artifactKey: Guid(a86db708c49f9e545be6000637c727f6) Importer(815301076,1909f56bfc062723c751e8b465ee728b)
Start importing Assets/FluidSim/_Done/Fluid_Complex.shadergraph using Guid(a86db708c49f9e545be6000637c727f6) Importer(815301076,1909f56bfc062723c751e8b465ee728b)  -> (artifact id: 'e9b141d67e408bd77000e8b93fb05f9d') in 0.007223 seconds
  Import took 0.010249 seconds .

========================================================================
Received Import Request.
  Time since last request: 4.019398 seconds.
  path: Assets/FluidSim/_Done/Environment_1.anim
  artifactKey: Guid(c16450c4d66fdda44aeaa99a80a2858f) Importer(815301076,1909f56bfc062723c751e8b465ee728b)
Start importing Assets/FluidSim/_Done/Environment_1.anim using Guid(c16450c4d66fdda44aeaa99a80a2858f) Importer(815301076,1909f56bfc062723c751e8b465ee728b)  -> (artifact id: 'f9217782311c26feb8c5abf29cf035d7') in 0.007734 seconds
  Import took 0.010611 seconds .

========================================================================
Received Import Request.
  Time since last request: 42.505681 seconds.
  path: Assets/Scenes/SampleScene.unity
  artifactKey: Guid(2cda990e2423bbf4892e6590ba056729) Importer(815301076,1909f56bfc062723c751e8b465ee728b)
Start importing Assets/Scenes/SampleScene.unity using Guid(2cda990e2423bbf4892e6590ba056729) Importer(815301076,1909f56bfc062723c751e8b465ee728b)  -> (artifact id: '0eb7d24103c3e809af5b365f062c8b28') in 0.006648 seconds
  Import took 0.009795 seconds .

========================================================================
Received Import Request.
  Time since last request: 24.718760 seconds.
  path: Assets/Scenes/Cocktail_scene.unity
  artifactKey: Guid(2cda990e2423bbf4892e6590ba056729) Importer(815301076,1909f56bfc062723c751e8b465ee728b)
Start importing Assets/Scenes/Cocktail_scene.unity using Guid(2cda990e2423bbf4892e6590ba056729) Importer(815301076,1909f56bfc062723c751e8b465ee728b)  -> (artifact id: 'fac5863efd93375d4919c2606fbf8470') in 0.006375 seconds
  Import took 0.009362 seconds .

========================================================================
Received Import Request.
  Time since last request: 437.941473 seconds.
  path: Assets/New Terrain.asset
  artifactKey: Guid(a5039ea6cdbdb1042b273c3f31d85540) Importer(815301076,1909f56bfc062723c751e8b465ee728b)
Start importing Assets/New Terrain.asset using Guid(a5039ea6cdbdb1042b273c3f31d85540) Importer(815301076,1909f56bfc062723c751e8b465ee728b)  -> (artifact id: '24f89bf53908cc9b79a474aa9dc8adb1') in 0.015799 seconds
  Import took 0.018758 seconds .

========================================================================
Received Prepare
Registering precompiled user dll's ...
Registered in 0.000879 seconds.
Begin MonoManager ReloadAssembly
Native extension for WindowsStandalone target not found
Refreshing native plugins compatible for Editor in 0.49 ms, found 1 plugins.
Preloading 0 native plugins for Editor in 0.00 ms.
Invoked RoslynAnalysisRunner static constructor.
RoslynAnalysisRunner will not be running.
RoslynAnalysisRunner has terminated.
Mono: successfully reloaded assembly
- Completed reload, in  0.705 seconds
Platform modules already initialized, skipping
Switching build target platform(5) subTarget(0) extendedPlatform(0) -> platform(9) subTarget(16777218) extendedPlatform(0)
Refreshing native plugins compatible for Editor in 0.46 ms, found 1 plugins.
Preloading 0 native plugins for Editor in 0.00 ms.
Unloading 1903 Unused Serialized files (Serialized files now loaded: 0)
System memory in use before: 92.1 MB.
System memory in use after: 91.7 MB.

Unloading 22 unused Assets to reduce memory usage. Loaded Objects now: 2402.
Total: 2.208800 ms (FindLiveObjects: 0.245800 ms CreateObjectMapping: 0.049500 ms MarkObjects: 1.541500 ms  DeleteObjects: 0.370800 ms)

AssetImportParameters requested are different than current active one (requested -> active):
  custom:graphics/normal-map-encoding: 01000000000000000000000000000000 -> 02000000000000000000000000000000
========================================================================
Received Prepare
Registering precompiled user dll's ...
Registered in 0.001242 seconds.
Begin MonoManager ReloadAssembly
Native extension for WindowsStandalone target not found
Refreshing native plugins compatible for Editor in 0.51 ms, found 1 plugins.
Preloading 0 native plugins for Editor in 0.00 ms.
Invoked RoslynAnalysisRunner static constructor.
RoslynAnalysisRunner will not be running.
RoslynAnalysisRunner has terminated.
Mono: successfully reloaded assembly
- Completed reload, in  0.717 seconds
Platform modules already initialized, skipping
Switching build target platform(5) subTarget(0) extendedPlatform(0) -> platform(9) subTarget(16777218) extendedPlatform(0)
Refreshing native plugins compatible for Editor in 0.46 ms, found 1 plugins.
Preloading 0 native plugins for Editor in 0.00 ms.
Unloading 1903 Unused Serialized files (Serialized files now loaded: 0)
System memory in use before: 91.6 MB.
System memory in use after: 91.7 MB.

Unloading 20 unused Assets to reduce memory usage. Loaded Objects now: 2405.
Total: 1.784600 ms (FindLiveObjects: 0.195900 ms CreateObjectMapping: 0.043300 ms MarkObjects: 1.523800 ms  DeleteObjects: 0.020800 ms)

AssetImportParameters requested are different than current active one (requested -> active):
  custom:graphics/normal-map-encoding: 01000000000000000000000000000000 -> 02000000000000000000000000000000
========================================================================
Received Prepare
Registering precompiled user dll's ...
Registered in 0.000862 seconds.
Begin MonoManager ReloadAssembly
Native extension for WindowsStandalone target not found
Refreshing native plugins compatible for Editor in 0.50 ms, found 1 plugins.
Preloading 0 native plugins for Editor in 0.00 ms.
Invoked RoslynAnalysisRunner static constructor.
RoslynAnalysisRunner will not be running.
RoslynAnalysisRunner has terminated.
Mono: successfully reloaded assembly
- Completed reload, in  0.722 seconds
Platform modules already initialized, skipping
Switching build target platform(5) subTarget(0) extendedPlatform(0) -> platform(9) subTarget(16777218) extendedPlatform(0)
Refreshing native plugins compatible for Editor in 0.46 ms, found 1 plugins.
Preloading 0 native plugins for Editor in 0.00 ms.
Unloading 1903 Unused Serialized files (Serialized files now loaded: 0)
System memory in use before: 91.6 MB.
System memory in use after: 91.7 MB.

Unloading 20 unused Assets to reduce memory usage. Loaded Objects now: 2408.
Total: 1.815900 ms (FindLiveObjects: 0.206700 ms CreateObjectMapping: 0.042400 ms MarkObjects: 1.546100 ms  DeleteObjects: 0.019600 ms)

AssetImportParameters requested are different than current active one (requested -> active):
  custom:graphics/normal-map-encoding: 01000000000000000000000000000000 -> 02000000000000000000000000000000
========================================================================
Received Prepare
Registering precompiled user dll's ...
Registered in 0.000915 seconds.
Begin MonoManager ReloadAssembly
Native extension for WindowsStandalone target not found
Refreshing native plugins compatible for Editor in 0.52 ms, found 1 plugins.
Preloading 0 native plugins for Editor in 0.00 ms.
Invoked RoslynAnalysisRunner static constructor.
RoslynAnalysisRunner will not be running.
RoslynAnalysisRunner has terminated.
Mono: successfully reloaded assembly
- Completed reload, in  0.696 seconds
Platform modules already initialized, skipping
Switching build target platform(5) subTarget(0) extendedPlatform(0) -> platform(9) subTarget(16777218) extendedPlatform(0)
Refreshing native plugins compatible for Editor in 0.47 ms, found 1 plugins.
Preloading 0 native plugins for Editor in 0.00 ms.
Unloading 1903 Unused Serialized files (Serialized files now loaded: 0)
System memory in use before: 91.6 MB.
System memory in use after: 91.7 MB.

Unloading 20 unused Assets to reduce memory usage. Loaded Objects now: 2411.
Total: 1.866400 ms (FindLiveObjects: 0.235000 ms CreateObjectMapping: 0.050600 ms MarkObjects: 1.560300 ms  DeleteObjects: 0.019700 ms)

AssetImportParameters requested are different than current active one (requested -> active):
  custom:graphics/normal-map-encoding: 01000000000000000000000000000000 -> 02000000000000000000000000000000
========================================================================
Received Prepare
Registering precompiled user dll's ...
Registered in 0.000906 seconds.
Begin MonoManager ReloadAssembly
Native extension for WindowsStandalone target not found
Refreshing native plugins compatible for Editor in 0.49 ms, found 1 plugins.
Preloading 0 native plugins for Editor in 0.00 ms.
Invoked RoslynAnalysisRunner static constructor.
RoslynAnalysisRunner will not be running.
RoslynAnalysisRunner has terminated.
Mono: successfully reloaded assembly
- Completed reload, in  0.736 seconds
Platform modules already initialized, skipping
Switching build target platform(5) subTarget(0) extendedPlatform(0) -> platform(9) subTarget(16777218) extendedPlatform(0)
Refreshing native plugins compatible for Editor in 0.49 ms, found 1 plugins.
Preloading 0 native plugins for Editor in 0.00 ms.
Unloading 1903 Unused Serialized files (Serialized files now loaded: 0)
System memory in use before: 91.6 MB.
System memory in use after: 91.8 MB.

Unloading 20 unused Assets to reduce memory usage. Loaded Objects now: 2414.
Total: 1.918600 ms (FindLiveObjects: 0.265500 ms CreateObjectMapping: 0.043200 ms MarkObjects: 1.588400 ms  DeleteObjects: 0.020500 ms)

AssetImportParameters requested are different than current active one (requested -> active):
  custom:graphics/normal-map-encoding: 01000000000000000000000000000000 -> 02000000000000000000000000000000
========================================================================
Received Prepare
Registering precompiled user dll's ...
Registered in 0.000863 seconds.
Begin MonoManager ReloadAssembly
Native extension for WindowsStandalone target not found
Refreshing native plugins compatible for Editor in 0.48 ms, found 1 plugins.
Preloading 0 native plugins for Editor in 0.00 ms.
Invoked RoslynAnalysisRunner static constructor.
RoslynAnalysisRunner will not be running.
RoslynAnalysisRunner has terminated.
Mono: successfully reloaded assembly
- Completed reload, in  0.721 seconds
Platform modules already initialized, skipping
Switching build target platform(5) subTarget(0) extendedPlatform(0) -> platform(9) subTarget(16777218) extendedPlatform(0)
Refreshing native plugins compatible for Editor in 0.41 ms, found 1 plugins.
Preloading 0 native plugins for Editor in 0.00 ms.
Unloading 1903 Unused Serialized files (Serialized files now loaded: 0)
System memory in use before: 91.6 MB.
System memory in use after: 91.8 MB.

Unloading 20 unused Assets to reduce memory usage. Loaded Objects now: 2417.
Total: 1.733200 ms (FindLiveObjects: 0.195300 ms CreateObjectMapping: 0.048700 ms MarkObjects: 1.474800 ms  DeleteObjects: 0.013800 ms)

AssetImportParameters requested are different than current active one (requested -> active):
  custom:graphics/normal-map-encoding: 01000000000000000000000000000000 -> 02000000000000000000000000000000
========================================================================
Received Prepare
Registering precompiled user dll's ...
Registered in 0.000863 seconds.
Begin MonoManager ReloadAssembly
Native extension for WindowsStandalone target not found
Refreshing native plugins compatible for Editor in 0.47 ms, found 1 plugins.
Preloading 0 native plugins for Editor in 0.00 ms.
Invoked RoslynAnalysisRunner static constructor.
RoslynAnalysisRunner will not be running.
RoslynAnalysisRunner has terminated.
Mono: successfully reloaded assembly
- Completed reload, in  0.733 seconds
Platform modules already initialized, skipping
Switching build target platform(5) subTarget(0) extendedPlatform(0) -> platform(9) subTarget(16777218) extendedPlatform(0)
Refreshing native plugins compatible for Editor in 0.40 ms, found 1 plugins.
Preloading 0 native plugins for Editor in 0.00 ms.
Unloading 1884 Unused Serialized files (Serialized files now loaded: 0)
System memory in use before: 91.3 MB.
System memory in use after: 91.4 MB.

Unloading 39 unused Assets to reduce memory usage. Loaded Objects now: 2401.
Total: 1.974200 ms (FindLiveObjects: 0.233100 ms CreateObjectMapping: 0.052300 ms MarkObjects: 1.641600 ms  DeleteObjects: 0.046100 ms)

AssetImportParameters requested are different than current active one (requested -> active):
  custom:graphics/normal-map-encoding: 01000000000000000000000000000000 -> 02000000000000000000000000000000
========================================================================
Received Prepare
Registering precompiled user dll's ...
Registered in 0.000763 seconds.
Begin MonoManager ReloadAssembly
Native extension for WindowsStandalone target not found
Refreshing native plugins compatible for Editor in 0.48 ms, found 1 plugins.
Preloading 0 native plugins for Editor in 0.00 ms.
Invoked RoslynAnalysisRunner static constructor.
RoslynAnalysisRunner will not be running.
RoslynAnalysisRunner has terminated.
Mono: successfully reloaded assembly
- Completed reload, in  0.716 seconds
Platform modules already initialized, skipping
Switching build target platform(5) subTarget(0) extendedPlatform(0) -> platform(9) subTarget(16777218) extendedPlatform(0)
Refreshing native plugins compatible for Editor in 0.41 ms, found 1 plugins.
Preloading 0 native plugins for Editor in 0.00 ms.
Unloading 1883 Unused Serialized files (Serialized files now loaded: 0)
System memory in use before: 91.1 MB.
System memory in use after: 91.2 MB.

Unloading 21 unused Assets to reduce memory usage. Loaded Objects now: 2403.
Total: 1.661800 ms (FindLiveObjects: 0.196900 ms CreateObjectMapping: 0.039400 ms MarkObjects: 1.408800 ms  DeleteObjects: 0.015600 ms)

AssetImportParameters requested are different than current active one (requested -> active):
  custom:graphics/normal-map-encoding: 01000000000000000000000000000000 -> 02000000000000000000000000000000
========================================================================
Received Import Request.
  Time since last request: 725.606585 seconds.
  path: Assets/Scenes/Cocktail_scene.unity
  artifactKey: Guid(2cda990e2423bbf4892e6590ba056729) Importer(815301076,1909f56bfc062723c751e8b465ee728b)
Start importing Assets/Scenes/Cocktail_scene.unity using Guid(2cda990e2423bbf4892e6590ba056729) Importer(815301076,1909f56bfc062723c751e8b465ee728b)  -> (artifact id: '2bad0c4b35c7277bea18874e88303d73') in 0.014485 seconds
  Import took 0.017590 seconds .

AssetImportWorkerClient::OnTransportError - code=2 error=End of file
